e:\verification\verification\debug\verification.pch
e:\verification\verification\debug\vc140.pdb
e:\verification\verification\debug\vc140.idb
e:\verification\verification\debug\stdafx.obj
e:\verification\verification\debug\configdlg.obj
e:\verification\verification\debug\ctabpage.obj
e:\verification\verification\debug\data.obj
e:\verification\verification\debug\verification.obj
e:\verification\verification\debug\verificationdlg.obj
e:\verification\debug\verification.ilk
e:\verification\debug\verification.exe
e:\verification\debug\verification.pdb
e:\verification\verification\debug\verification.res
e:\verification\verification\debug\verification.tlog\cl.command.1.tlog
e:\verification\verification\debug\verification.tlog\cl.read.1.tlog
e:\verification\verification\debug\verification.tlog\cl.write.1.tlog
e:\verification\verification\debug\verification.tlog\link.command.1.tlog
e:\verification\verification\debug\verification.tlog\link.read.1.tlog
e:\verification\verification\debug\verification.tlog\link.write.1.tlog
e:\verification\verification\debug\verification.tlog\rc.command.1.tlog
e:\verification\verification\debug\verification.tlog\rc.read.1.tlog
e:\verification\verification\debug\verification.tlog\rc.write.1.tlog
